Determining if the pthread_create exist failed with the following output:
Change Dir: /home/pparekh/osu-uwrt/riptide_software/src/riptide_utilities/setup_scripts/dependencies/build/CMakeFiles/CMakeTmp

Run Build Command:"/usr/bin/make" "cmTC_7d29a/fast"
/usr/bin/make -f CMakeFiles/cmTC_7d29a.dir/build.make CMakeFiles/cmTC_7d29a.dir/build
make[1]: Entering directory '/home/pparekh/osu-uwrt/riptide_software/src/riptide_utilities/setup_scripts/dependencies/build/CMakeFiles/CMakeTmp'
Building C object CMakeFiles/cmTC_7d29a.dir/CheckSymbolExists.c.o
/usr/bin/cc     -o CMakeFiles/cmTC_7d29a.dir/CheckSymbolExists.c.o   -c /home/pparekh/osu-uwrt/riptide_software/src/riptide_utilities/setup_scripts/dependencies/build/CMakeFiles/CMakeTmp/CheckSymbolExists.c
Linking C executable cmTC_7d29a
/usr/bin/cmake -E cmake_link_script CMakeFiles/cmTC_7d29a.dir/link.txt --verbose=1
/usr/bin/cc       CMakeFiles/cmTC_7d29a.dir/CheckSymbolExists.c.o  -o cmTC_7d29a -rdynamic 
CMakeFiles/cmTC_7d29a.dir/CheckSymbolExists.c.o: In function `main':
CheckSymbolExists.c:(.text+0x16): undefined reference to `pthread_create'
collect2: error: ld returned 1 exit status
CMakeFiles/cmTC_7d29a.dir/build.make:97: recipe for target 'cmTC_7d29a' failed
make[1]: *** [cmTC_7d29a] Error 1
make[1]: Leaving directory '/home/pparekh/osu-uwrt/riptide_software/src/riptide_utilities/setup_scripts/dependencies/build/CMakeFiles/CMakeTmp'
Makefile:126: recipe for target 'cmTC_7d29a/fast' failed
make: *** [cmTC_7d29a/fast] Error 2

File /home/pparekh/osu-uwrt/riptide_software/src/riptide_utilities/setup_scripts/dependencies/build/CMakeFiles/CMakeTmp/CheckSymbolExists.c:
/* */
#include <pthread.h>

int main(int argc, char** argv)
{
  (void)argv;
#ifndef pthread_create
  return ((int*)(&pthread_create))[argc];
#else
  (void)argc;
  return 0;
#endif
}

Determining if the function pthread_create exists in the pthreads failed with the following output:
Change Dir: /home/pparekh/osu-uwrt/riptide_software/src/riptide_utilities/setup_scripts/dependencies/build/CMakeFiles/CMakeTmp

Run Build Command:"/usr/bin/make" "cmTC_309f6/fast"
/usr/bin/make -f CMakeFiles/cmTC_309f6.dir/build.make CMakeFiles/cmTC_309f6.dir/build
make[1]: Entering directory '/home/pparekh/osu-uwrt/riptide_software/src/riptide_utilities/setup_scripts/dependencies/build/CMakeFiles/CMakeTmp'
Building C object CMakeFiles/cmTC_309f6.dir/CheckFunctionExists.c.o
/usr/bin/cc    -DCHECK_FUNCTION_EXISTS=pthread_create   -o CMakeFiles/cmTC_309f6.dir/CheckFunctionExists.c.o   -c /usr/share/cmake-3.5/Modules/CheckFunctionExists.c
Linking C executable cmTC_309f6
/usr/bin/cmake -E cmake_link_script CMakeFiles/cmTC_309f6.dir/link.txt --verbose=1
/usr/bin/cc   -DCHECK_FUNCTION_EXISTS=pthread_create    CMakeFiles/cmTC_309f6.dir/CheckFunctionExists.c.o  -o cmTC_309f6 -rdynamic -lpthreads 
/usr/bin/ld: cannot find -lpthreads
collect2: error: ld returned 1 exit status
CMakeFiles/cmTC_309f6.dir/build.make:97: recipe for target 'cmTC_309f6' failed
make[1]: *** [cmTC_309f6] Error 1
make[1]: Leaving directory '/home/pparekh/osu-uwrt/riptide_software/src/riptide_utilities/setup_scripts/dependencies/build/CMakeFiles/CMakeTmp'
Makefile:126: recipe for target 'cmTC_309f6/fast' failed
make: *** [cmTC_309f6/fast] Error 2


